d:\projects\osre\3dparty\zlib\zlib.dir\debug\vc120.pdb
d:\projects\osre\3dparty\zlib\zlib.dir\debug\zutil.obj
d:\projects\osre\3dparty\zlib\zlib.dir\debug\uncompr.obj
d:\projects\osre\3dparty\zlib\zlib.dir\debug\trees.obj
d:\projects\osre\3dparty\zlib\zlib.dir\debug\inffast.obj
d:\projects\osre\3dparty\zlib\zlib.dir\debug\inftrees.obj
d:\projects\osre\3dparty\zlib\zlib.dir\debug\infback.obj
d:\projects\osre\3dparty\zlib\zlib.dir\debug\inflate.obj
d:\projects\osre\3dparty\zlib\zlib.dir\debug\gzwrite.obj
d:\projects\osre\3dparty\zlib\zlib.dir\debug\gzread.obj
d:\projects\osre\3dparty\zlib\zlib.dir\debug\gzlib.obj
d:\projects\osre\3dparty\zlib\zlib.dir\debug\gzclose.obj
d:\projects\osre\3dparty\zlib\zlib.dir\debug\deflate.obj
d:\projects\osre\3dparty\zlib\zlib.dir\debug\crc32.obj
d:\projects\osre\3dparty\zlib\zlib.dir\debug\compress.obj
d:\projects\osre\3dparty\zlib\zlib.dir\debug\adler32.obj
d:\projects\osre\3dparty\zlib\cmakefiles\generate.stamp
d:\projects\osre\lib\debug\zlibd.lib
d:\projects\osre\3dparty\zlib\zlib.dir\debug\zlib.tlog\cl.command.1.tlog
d:\projects\osre\3dparty\zlib\zlib.dir\debug\zlib.tlog\cl.read.1.tlog
d:\projects\osre\3dparty\zlib\zlib.dir\debug\zlib.tlog\cl.write.1.tlog
d:\projects\osre\3dparty\zlib\zlib.dir\debug\zlib.tlog\custombuild.command.1.tlog
d:\projects\osre\3dparty\zlib\zlib.dir\debug\zlib.tlog\custombuild.read.1.tlog
d:\projects\osre\3dparty\zlib\zlib.dir\debug\zlib.tlog\custombuild.write.1.tlog
d:\projects\osre\3dparty\zlib\zlib.dir\debug\zlib.tlog\lib-link.read.1.tlog
d:\projects\osre\3dparty\zlib\zlib.dir\debug\zlib.tlog\lib-link.write.1.tlog
d:\projects\osre\3dparty\zlib\zlib.dir\debug\zlib.tlog\lib.command.1.tlog
