  Building Custom Rule D:/projects/osre/3dparty/zlib/CMakeLists.txt
  CMake does not need to re-run because D:\projects\osre\3dparty\zlib\CMakeFiles\generate.stamp is up-to-date.
  adler32.c
  compress.c
  crc32.c
  deflate.c
  gzclose.c
  gzlib.c
  gzread.c
  gzwrite.c
  inflate.c
  infback.c
  inftrees.c
  inffast.c
  trees.c
  uncompr.c
  zutil.c
  Codeanalyse für C/C++ wird ausgeführt...
  Code wird generiert...
  zlib.vcxproj -> D:\projects\osre\lib\Debug\zlibd.lib
d:\projects\osre\3dparty\zlib\trees.c(536): warning C6385: Lesen ungültiger Daten von "s->bl_count":  die lesbare Größe beträgt "32" Byte, es können jedoch "-2" Byte gelesen werden.
d:\projects\osre\3dparty\zlib\trees.c(552): warning C6385: Lesen ungültiger Daten von "s->bl_count":  die lesbare Größe beträgt "32" Byte, es können jedoch "bits" Byte gelesen werden.
